<?xml version="1.0" encoding="UTF-8"?>
<!-- Generated by org.testng.reporters.JUnitXMLReporter -->
<testsuite ignored="0" hostname="Vivek" failures="0" tests="3" name="Surefire test" time="112.96" errors="0" timestamp="2023-09-19T16:44:13 IST">
  <testcase classname="Contacts.CreateNewContactTest" name="createNewContactTest" time="28.451"/>
  <testcase classname="Contacts.CreateNewContactTest" name="createNewContactTest" time="25.134"/>
  <testcase classname="Contacts.CreateNewContactTest" name="createNewContactTest" time="20.737"/>
</testsuite> <!-- Surefire test -->
