<?xml version="1.0" encoding="UTF-8"?>
<!-- Generated by org.testng.reporters.JUnitXMLReporter -->
<testsuite ignored="0" hostname="Vivek" failures="0" tests="8" name="Default test" time="223.872" errors="0" timestamp="2023-09-24T11:11:04 IST">
  <testcase classname="Organisation.CreateMultipleOrgWithIndustryTest" name="createMultipleOrgWithIndustryTest" time="26.219"/>
  <testcase classname="Organisation.CreateMultipleOrgWithIndustryTest" name="createMultipleOrgWithIndustryTest" time="17.918"/>
  <testcase classname="Organisation.CreateMultipleOrgWithIndustryTest" name="createMultipleOrgWithIndustryTest" time="17.238"/>
  <testcase classname="Organisation.CreateMultipleOrgWithIndustryTest" name="createMultipleOrgWithIndustryTest" time="16.153"/>
  <testcase classname="Organisation.CreateMultipleOrgWithIndustryTest" name="createMultipleOrgWithIndustryTest" time="17.669"/>
  <testcase classname="Organisation.CreateMultipleOrgWithIndustryTest" name="createMultipleOrgWithIndustryTest" time="18.301"/>
  <testcase classname="Organisation.CreateMultipleOrgWithIndustryTest" name="createMultipleOrgWithIndustryTest" time="16.635"/>
  <testcase classname="Organisation.CreateMultipleOrgWithIndustryTest" name="createMultipleOrgWithIndustryTest" time="15.973"/>
</testsuite> <!-- Default test -->
