<?xml version="1.0" encoding="UTF-8"?>
<!-- Generated by org.testng.reporters.JUnitXMLReporter -->
<testsuite ignored="0" hostname="Vivek" failures="0" tests="3" name="Tes2" time="58.467" errors="0" timestamp="2023-09-19T14:33:41 IST">
  <testcase classname="Organisation.CreateOrganisationTest" name="createOrgTest" time="9.992"/>
  <testcase classname="Organisation.CreateOrganisationTest" name="createOrgTest" time="11.46"/>
  <testcase classname="Organisation.CreateOrganisationTest" name="createOrgTest" time="14.196"/>
</testsuite> <!-- Tes2 -->
