<?xml version="1.0" encoding="UTF-8"?>
<!-- Generated by org.testng.reporters.JUnitXMLReporter -->
<testsuite ignored="4" hostname="Vivek" failures="0" tests="6" name="Test1" time="100.819" errors="0" timestamp="2023-09-19T15:47:32 IST">
  <testcase classname="generic.utility.BaseClass" name="@BeforeMethod BMConfig" time="0.001">
    <failure type="java.lang.NullPointerException" message="Cannot invoke &amp;quot;org.openqa.selenium.SearchContext.findElement(org.openqa.selenium.By)&amp;quot; because &amp;quot;this.searchContext&amp;quot; is null">
      <![CDATA[java.lang.NullPointerException: Cannot invoke "org.openqa.selenium.SearchContext.findElement(org.openqa.selenium.By)" because "this.searchContext" is null
at org.openqa.selenium.support.pagefactory.DefaultElementLocator.findElement(DefaultElementLocator.java:68)
at org.openqa.selenium.support.pagefactory.internal.LocatingElementHandler.invoke(LocatingElementHandler.java:38)
at jdk.proxy2/jdk.proxy2.$Proxy21.clear(Unknown Source)
at object.repository.LoginPage.loginToApplication(LoginPage.java:32)
at generic.utility.BaseClass.BMConfig(BaseClass.java:67)
at java.base/java.util.ArrayList.forEach(ArrayList.java:1511)
at java.base/java.util.concurrent.FutureTask.run(FutureTask.java:264)
at java.base/java.util.concurrent.ThreadPoolExecutor.runWorker(ThreadPoolExecutor.java:1136)
at java.base/java.util.concurrent.ThreadPoolExecutor$Worker.run(ThreadPoolExecutor.java:635)
at java.base/java.lang.Thread.run(Thread.java:833)
... Removed 22 stack frames]]>
    </failure>
  </testcase> <!-- @BeforeMethod BMConfig -->
  <testcase classname="generic.utility.BaseClass" name="@AfterMethod AMConfig" time="-1.695118648673E9">
    <skipped/>
  </testcase> <!-- @AfterMethod AMConfig -->
  <testcase classname="generic.utility.BaseClass" name="@BeforeMethod BMConfig" time="-1.695118648675E9">
    <skipped/>
  </testcase> <!-- @BeforeMethod BMConfig -->
  <testcase classname="generic.utility.BaseClass" name="@AfterMethod AMConfig" time="-1.695118648681E9">
    <skipped/>
  </testcase> <!-- @AfterMethod AMConfig -->
  <testcase classname="generic.utility.BaseClass" name="@BeforeMethod BMConfig" time="-1.695118648685E9">
    <skipped/>
  </testcase> <!-- @BeforeMethod BMConfig -->
  <testcase classname="generic.utility.BaseClass" name="@AfterMethod AMConfig" time="-1.695118648695E9">
    <skipped/>
  </testcase> <!-- @AfterMethod AMConfig -->
  <testcase classname="generic.utility.BaseClass" name="@BeforeMethod BMConfig" time="0.0">
    <failure type="java.lang.NullPointerException" message="Cannot invoke &amp;quot;org.openqa.selenium.SearchContext.findElement(org.openqa.selenium.By)&amp;quot; because &amp;quot;this.searchContext&amp;quot; is null">
      <![CDATA[java.lang.NullPointerException: Cannot invoke "org.openqa.selenium.SearchContext.findElement(org.openqa.selenium.By)" because "this.searchContext" is null
at org.openqa.selenium.support.pagefactory.DefaultElementLocator.findElement(DefaultElementLocator.java:68)
at org.openqa.selenium.support.pagefactory.internal.LocatingElementHandler.invoke(LocatingElementHandler.java:38)
at jdk.proxy2/jdk.proxy2.$Proxy21.clear(Unknown Source)
at object.repository.LoginPage.loginToApplication(LoginPage.java:32)
at generic.utility.BaseClass.BMConfig(BaseClass.java:67)
at java.base/java.util.ArrayList.forEach(ArrayList.java:1511)
at java.base/java.util.concurrent.FutureTask.run(FutureTask.java:264)
at java.base/java.util.concurrent.ThreadPoolExecutor.runWorker(ThreadPoolExecutor.java:1136)
at java.base/java.util.concurrent.ThreadPoolExecutor$Worker.run(ThreadPoolExecutor.java:635)
at java.base/java.lang.Thread.run(Thread.java:833)
... Removed 22 stack frames]]>
    </failure>
  </testcase> <!-- @BeforeMethod BMConfig -->
  <testcase classname="generic.utility.BaseClass" name="@AfterMethod AMConfig" time="-1.695118651646E9">
    <skipped/>
  </testcase> <!-- @AfterMethod AMConfig -->
  <testcase classname="generic.utility.BaseClass" name="@BeforeMethod BMConfig" time="-1.69511865165E9">
    <skipped/>
  </testcase> <!-- @BeforeMethod BMConfig -->
  <testcase classname="generic.utility.BaseClass" name="@AfterMethod AMConfig" time="-1.695118651657E9">
    <skipped/>
  </testcase> <!-- @AfterMethod AMConfig -->
  <testcase classname="generic.utility.BaseClass" name="@BeforeMethod BMConfig" time="-1.69511865166E9">
    <skipped/>
  </testcase> <!-- @BeforeMethod BMConfig -->
  <testcase classname="generic.utility.BaseClass" name="@AfterMethod AMConfig" time="-1.695118651667E9">
    <skipped/>
  </testcase> <!-- @AfterMethod AMConfig -->
  <testcase classname="Contacts.CreateNewContactTest" name="createNewContactTest" time="19.966"/>
  <testcase classname="Contacts.CreateNewContactTest" name="createNewContactTest" time="20.281"/>
  <testcase classname="Contacts.CreateNewContactTest" name="createNewContactTest" time="32.09"/>
  <testcase classname="Organisation.CreateOrganisationTest" name="createOrgTest" time="0.0">
    <skipped/>
  </testcase> <!-- createOrgTest -->
  <testcase classname="Organisation.CreateOrganisationTest" name="createOrgTest" time="0.0">
    <skipped/>
  </testcase> <!-- createOrgTest -->
  <testcase classname="Organisation.CreateOrganisationTest" name="createOrgTest" time="0.0">
    <skipped/>
  </testcase> <!-- createOrgTest -->
  <testcase classname="generic.utility.BaseClass" name="@BeforeSuite BSConfig" time="0.0">
    <ignored/>
  </testcase> <!-- @BeforeSuite BSConfig -->
  <testcase classname="generic.utility.BaseClass" name="@AfterTest ACConfig" time="0.0">
    <ignored/>
  </testcase> <!-- @AfterTest ACConfig -->
  <testcase classname="generic.utility.BaseClass" name="@BeforeTest BCConfig" time="0.0">
    <ignored/>
  </testcase> <!-- @BeforeTest BCConfig -->
  <testcase classname="generic.utility.BaseClass" name="@AfterSuite ASConfig" time="0.0">
    <ignored/>
  </testcase> <!-- @AfterSuite ASConfig -->
</testsuite> <!-- Test1 -->
