<?xml version="1.0" encoding="UTF-8"?>
<!-- Generated by org.testng.reporters.JUnitXMLReporter -->
<testsuite ignored="0" hostname="Vivek" failures="0" tests="3" name="Test" time="40.404" errors="0" timestamp="2023-09-19T14:45:31 IST">
  <testcase classname="Contacts.CreateNewContactTest" name="createNewContactTest" time="8.945"/>
  <testcase classname="Contacts.CreateNewContactTest" name="createNewContactTest" time="8.942"/>
  <testcase classname="Contacts.CreateNewContactTest" name="createNewContactTest" time="9.476"/>
</testsuite> <!-- Test -->
