<?xml version="1.0" encoding="UTF-8"?>
<!-- Generated by org.testng.reporters.JUnitXMLReporter -->
<testsuite ignored="0" hostname="Vivek" failures="0" tests="3" name="Tes2" time="139.329" errors="0" timestamp="2023-09-19T16:55:27 IST">
  <testcase classname="Organisation.CreateOrganisationTest" name="createOrgTest" time="31.961"/>
  <testcase classname="Organisation.CreateOrganisationTest" name="createOrgTest" time="33.046"/>
  <testcase classname="Organisation.CreateOrganisationTest" name="createOrgTest" time="28.852"/>
</testsuite> <!-- Tes2 -->
