<?xml version="1.0" encoding="UTF-8"?>
<!-- Generated by org.testng.reporters.JUnitXMLReporter -->
<testsuite ignored="0" hostname="Vivek" failures="0" tests="3" name="Test1" time="138.516" errors="0" timestamp="2023-09-19T16:55:26 IST">
  <testcase classname="Contacts.CreateNewContactTest" name="createNewContactTest" time="31.503"/>
  <testcase classname="Contacts.CreateNewContactTest" name="createNewContactTest" time="30.317"/>
  <testcase classname="Contacts.CreateNewContactTest" name="createNewContactTest" time="29.276"/>
</testsuite> <!-- Test1 -->
