<?xml version="1.0" encoding="UTF-8"?>
<!-- Generated by org.testng.reporters.JUnitXMLReporter -->
<testsuite ignored="2" hostname="Vivek" failures="0" tests="6" name="Test" time="210.429" errors="0" timestamp="2023-09-19T16:52:12 IST">
  <testcase classname="Contacts.CreateNewContactTest" name="createNewContactTest" time="24.187"/>
  <testcase classname="Contacts.CreateNewContactTest" name="createNewContactTest" time="25.143"/>
  <testcase classname="Contacts.CreateNewContactTest" name="createNewContactTest" time="22.454"/>
  <testcase classname="Organisation.CreateOrganisationTest" name="createOrgTest" time="18.722"/>
  <testcase classname="Organisation.CreateOrganisationTest" name="createOrgTest" time="24.594"/>
  <testcase classname="Organisation.CreateOrganisationTest" name="createOrgTest" time="22.558"/>
  <testcase classname="generic.utility.BaseClass" name="@BeforeSuite BSConfig" time="0.0">
    <ignored/>
  </testcase> <!-- @BeforeSuite BSConfig -->
  <testcase classname="generic.utility.BaseClass" name="@AfterSuite ASConfig" time="0.0">
    <ignored/>
  </testcase> <!-- @AfterSuite ASConfig -->
</testsuite> <!-- Test -->
