<?xml version="1.0" encoding="UTF-8"?>
<!-- Generated by org.testng.reporters.JUnitXMLReporter -->
<testsuite ignored="2" hostname="Vivek" failures="0" tests="4" name="Test" time="135.69" errors="0" timestamp="2023-09-26T10:54:50 IST">
  <testcase classname="Contacts.CreateNewContactTest" name="createNewContactTest" time="18.753"/>
  <testcase classname="Contacts.CreateNewContactTest" name="createNewContactTest" time="22.605"/>
  <testcase classname="Contacts.CreateNewContactTest" name="createNewContactTest" time="21.401"/>
  <testcase classname="Organisation.CreateOrganisationTest" name="createOrgTest" time="20.159"/>
  <testcase classname="generic.utility.BaseClass" name="@BeforeSuite BSConfig" time="0.0">
    <ignored/>
  </testcase> <!-- @BeforeSuite BSConfig -->
  <testcase classname="generic.utility.BaseClass" name="@AfterSuite ASConfig" time="0.0">
    <ignored/>
  </testcase> <!-- @AfterSuite ASConfig -->
</testsuite> <!-- Test -->
