<?xml version="1.0" encoding="UTF-8"?>
<testng-results ignored="2" total="6" passed="4" failed="0" skipped="0">
  <reporter-output>
  </reporter-output>
  <suite started-at="2023-09-26T10:52:33 IST" name="Suite" finished-at="2023-09-26T10:54:49 IST" duration-ms="135690">
    <groups>
      <group name="RegressionSuite">
        <method signature="CreateNewContactTest.createNewContactTest()[pri:1, instance:Contacts.CreateNewContactTest@3a93b025]" name="createNewContactTest" class="Contacts.CreateNewContactTest"/>
        <method signature="CreateOrganisationTest.createOrgTest()[pri:1, instance:Organisation.CreateOrganisationTest@223d2c72]" name="createOrgTest" class="Organisation.CreateOrganisationTest"/>
      </group> <!-- RegressionSuite -->
      <group name="SmokeSuite">
        <method signature="CreateNewContactTest.createNewContactTest()[pri:1, instance:Contacts.CreateNewContactTest@3a93b025]" name="createNewContactTest" class="Contacts.CreateNewContactTest"/>
        <method signature="CreateOrganisationTest.createOrgTest()[pri:1, instance:Organisation.CreateOrganisationTest@223d2c72]" name="createOrgTest" class="Organisation.CreateOrganisationTest"/>
      </group> <!-- SmokeSuite -->
    </groups>
    <test started-at="2023-09-26T10:52:33 IST" name="Test" finished-at="2023-09-26T10:54:49 IST" duration-ms="135690">
      <class name="Contacts.CreateNewContactTest">
        <test-method is-config="true" signature="BSConfig()[pri:0, instance:Contacts.CreateNewContactTest@3a93b025]" started-at="2023-09-26T10:52:33 IST" name="BSConfig" finished-at="2023-09-26T10:52:33 IST" duration-ms="18" status="PASS">
          <reporter-output>
          </reporter-output>
        </test-method> <!-- BSConfig -->
        <test-method is-config="true" signature="BCConfig()[pri:0, instance:Contacts.CreateNewContactTest@3a93b025]" started-at="2023-09-26T10:52:34 IST" name="BCConfig" finished-at="2023-09-26T10:52:43 IST" duration-ms="8940" status="PASS">
          <reporter-output>
          </reporter-output>
        </test-method> <!-- BCConfig -->
        <test-method is-config="true" signature="BMConfig()[pri:0, instance:Contacts.CreateNewContactTest@3a93b025]" started-at="2023-09-26T10:52:43 IST" name="BMConfig" finished-at="2023-09-26T10:52:51 IST" duration-ms="7916" status="PASS">
          <reporter-output>
          </reporter-output>
        </test-method> <!-- BMConfig -->
        <test-method signature="createNewContactTest()[pri:1, instance:Contacts.CreateNewContactTest@3a93b025]" started-at="2023-09-26T10:52:51 IST" name="createNewContactTest" finished-at="2023-09-26T10:53:09 IST" duration-ms="18753" status="PASS">
          <reporter-output>
          </reporter-output>
        </test-method> <!-- createNewContactTest -->
        <test-method is-config="true" signature="AMConfig()[pri:0, instance:Contacts.CreateNewContactTest@3a93b025]" started-at="2023-09-26T10:53:09 IST" name="AMConfig" finished-at="2023-09-26T10:53:12 IST" duration-ms="2752" status="PASS">
          <reporter-output>
          </reporter-output>
        </test-method> <!-- AMConfig -->
        <test-method is-config="true" signature="BMConfig()[pri:0, instance:Contacts.CreateNewContactTest@3a93b025]" started-at="2023-09-26T10:53:12 IST" name="BMConfig" finished-at="2023-09-26T10:53:17 IST" duration-ms="4672" status="PASS">
          <reporter-output>
          </reporter-output>
        </test-method> <!-- BMConfig -->
        <test-method signature="createNewContactTest()[pri:1, instance:Contacts.CreateNewContactTest@3a93b025]" started-at="2023-09-26T10:53:17 IST" name="createNewContactTest" finished-at="2023-09-26T10:53:39 IST" duration-ms="22605" status="PASS">
          <reporter-output>
          </reporter-output>
        </test-method> <!-- createNewContactTest -->
        <test-method is-config="true" signature="AMConfig()[pri:0, instance:Contacts.CreateNewContactTest@3a93b025]" started-at="2023-09-26T10:53:39 IST" name="AMConfig" finished-at="2023-09-26T10:53:43 IST" duration-ms="3354" status="PASS">
          <reporter-output>
          </reporter-output>
        </test-method> <!-- AMConfig -->
        <test-method is-config="true" signature="BMConfig()[pri:0, instance:Contacts.CreateNewContactTest@3a93b025]" started-at="2023-09-26T10:53:43 IST" name="BMConfig" finished-at="2023-09-26T10:53:48 IST" duration-ms="5311" status="PASS">
          <reporter-output>
          </reporter-output>
        </test-method> <!-- BMConfig -->
        <test-method signature="createNewContactTest()[pri:1, instance:Contacts.CreateNewContactTest@3a93b025]" started-at="2023-09-26T10:53:48 IST" name="createNewContactTest" finished-at="2023-09-26T10:54:09 IST" duration-ms="21401" status="PASS">
          <reporter-output>
          </reporter-output>
        </test-method> <!-- createNewContactTest -->
        <test-method is-config="true" signature="AMConfig()[pri:0, instance:Contacts.CreateNewContactTest@3a93b025]" started-at="2023-09-26T10:54:09 IST" name="AMConfig" finished-at="2023-09-26T10:54:12 IST" duration-ms="2854" status="PASS">
          <reporter-output>
          </reporter-output>
        </test-method> <!-- AMConfig -->
        <test-method is-config="true" signature="ACConfig()[pri:0, instance:Contacts.CreateNewContactTest@3a93b025]" started-at="2023-09-26T10:54:12 IST" name="ACConfig" finished-at="2023-09-26T10:54:13 IST" duration-ms="415" status="PASS">
          <reporter-output>
          </reporter-output>
        </test-method> <!-- ACConfig -->
        <test-method is-config="true" signature="ASConfig()[pri:0, instance:Contacts.CreateNewContactTest@3a93b025]" started-at="2023-09-26T10:54:50 IST" name="ASConfig" finished-at="2023-09-26T10:54:50 IST" duration-ms="0" status="PASS">
          <reporter-output>
          </reporter-output>
        </test-method> <!-- ASConfig -->
      </class> <!-- Contacts.CreateNewContactTest -->
      <class name="Organisation.CreateOrganisationTest">
        <test-method is-config="true" signature="BCConfig()[pri:0, instance:Organisation.CreateOrganisationTest@223d2c72]" started-at="2023-09-26T10:54:13 IST" name="BCConfig" finished-at="2023-09-26T10:54:17 IST" duration-ms="4431" status="PASS">
          <reporter-output>
          </reporter-output>
        </test-method> <!-- BCConfig -->
        <test-method is-config="true" signature="BMConfig()[pri:0, instance:Organisation.CreateOrganisationTest@223d2c72]" started-at="2023-09-26T10:54:17 IST" name="BMConfig" finished-at="2023-09-26T10:54:25 IST" duration-ms="7860" status="PASS">
          <reporter-output>
          </reporter-output>
        </test-method> <!-- BMConfig -->
        <test-method signature="createOrgTest()[pri:1, instance:Organisation.CreateOrganisationTest@223d2c72]" started-at="2023-09-26T10:54:25 IST" name="createOrgTest" finished-at="2023-09-26T10:54:45 IST" duration-ms="20159" status="PASS">
          <reporter-output>
          </reporter-output>
        </test-method> <!-- createOrgTest -->
        <test-method is-config="true" signature="AMConfig()[pri:0, instance:Organisation.CreateOrganisationTest@223d2c72]" started-at="2023-09-26T10:54:45 IST" name="AMConfig" finished-at="2023-09-26T10:54:48 IST" duration-ms="3212" status="PASS">
          <reporter-output>
          </reporter-output>
        </test-method> <!-- AMConfig -->
        <test-method is-config="true" signature="ACConfig()[pri:0, instance:Organisation.CreateOrganisationTest@223d2c72]" started-at="2023-09-26T10:54:48 IST" name="ACConfig" finished-at="2023-09-26T10:54:49 IST" duration-ms="369" status="PASS">
          <reporter-output>
          </reporter-output>
        </test-method> <!-- ACConfig -->
      </class> <!-- Organisation.CreateOrganisationTest -->
    </test> <!-- Test -->
  </suite> <!-- Suite -->
</testng-results>
