<?xml version="1.0" encoding="UTF-8"?>
<testng-results ignored="0" total="6" passed="6" failed="0" skipped="0">
  <reporter-output>
  </reporter-output>
  <suite started-at="2023-09-19T16:53:08 IST" name="Suite" finished-at="2023-09-19T16:55:27 IST" duration-ms="139329">
    <groups>
      <group name="RegressionSuite">
        <method signature="CreateNewContactTest.createNewContactTest()[pri:1, instance:Contacts.CreateNewContactTest@2d7275fc]" name="createNewContactTest" class="Contacts.CreateNewContactTest"/>
        <method signature="CreateOrganisationTest.createOrgTest()[pri:1, instance:Organisation.CreateOrganisationTest@f6efaab]" name="createOrgTest" class="Organisation.CreateOrganisationTest"/>
      </group> <!-- RegressionSuite -->
      <group name="SmokeSuite">
        <method signature="CreateNewContactTest.createNewContactTest()[pri:1, instance:Contacts.CreateNewContactTest@2d7275fc]" name="createNewContactTest" class="Contacts.CreateNewContactTest"/>
        <method signature="CreateOrganisationTest.createOrgTest()[pri:1, instance:Organisation.CreateOrganisationTest@f6efaab]" name="createOrgTest" class="Organisation.CreateOrganisationTest"/>
      </group> <!-- SmokeSuite -->
    </groups>
    <test started-at="2023-09-19T16:53:08 IST" name="Test1" finished-at="2023-09-19T16:55:26 IST" duration-ms="138516">
      <class name="Contacts.CreateNewContactTest">
        <test-method is-config="true" signature="BCConfig()[pri:0, instance:Contacts.CreateNewContactTest@2d7275fc]" started-at="2023-09-19T16:53:08 IST" name="BCConfig" finished-at="2023-09-19T16:53:19 IST" duration-ms="11106" status="PASS">
          <reporter-output>
          </reporter-output>
        </test-method> <!-- BCConfig -->
        <test-method is-config="true" signature="BMConfig()[pri:0, instance:Contacts.CreateNewContactTest@2d7275fc]" started-at="2023-09-19T16:53:19 IST" name="BMConfig" finished-at="2023-09-19T16:53:28 IST" duration-ms="8825" status="PASS">
          <reporter-output>
          </reporter-output>
        </test-method> <!-- BMConfig -->
        <test-method signature="createNewContactTest()[pri:1, instance:Contacts.CreateNewContactTest@2d7275fc]" started-at="2023-09-19T16:53:28 IST" name="createNewContactTest" finished-at="2023-09-19T16:53:59 IST" duration-ms="31503" status="PASS">
          <reporter-output>
          </reporter-output>
        </test-method> <!-- createNewContactTest -->
        <test-method is-config="true" signature="AMConfig()[pri:0, instance:Contacts.CreateNewContactTest@2d7275fc]" started-at="2023-09-19T16:53:59 IST" name="AMConfig" finished-at="2023-09-19T16:54:03 IST" duration-ms="4060" status="PASS">
          <reporter-output>
          </reporter-output>
        </test-method> <!-- AMConfig -->
        <test-method is-config="true" signature="BMConfig()[pri:0, instance:Contacts.CreateNewContactTest@2d7275fc]" started-at="2023-09-19T16:54:03 IST" name="BMConfig" finished-at="2023-09-19T16:54:11 IST" duration-ms="8220" status="PASS">
          <reporter-output>
          </reporter-output>
        </test-method> <!-- BMConfig -->
        <test-method signature="createNewContactTest()[pri:1, instance:Contacts.CreateNewContactTest@2d7275fc]" started-at="2023-09-19T16:54:11 IST" name="createNewContactTest" finished-at="2023-09-19T16:54:42 IST" duration-ms="30317" status="PASS">
          <reporter-output>
          </reporter-output>
        </test-method> <!-- createNewContactTest -->
        <test-method is-config="true" signature="AMConfig()[pri:0, instance:Contacts.CreateNewContactTest@2d7275fc]" started-at="2023-09-19T16:54:42 IST" name="AMConfig" finished-at="2023-09-19T16:54:45 IST" duration-ms="3664" status="PASS">
          <reporter-output>
          </reporter-output>
        </test-method> <!-- AMConfig -->
        <test-method is-config="true" signature="BMConfig()[pri:0, instance:Contacts.CreateNewContactTest@2d7275fc]" started-at="2023-09-19T16:54:45 IST" name="BMConfig" finished-at="2023-09-19T16:54:52 IST" duration-ms="6303" status="PASS">
          <reporter-output>
          </reporter-output>
        </test-method> <!-- BMConfig -->
        <test-method signature="createNewContactTest()[pri:1, instance:Contacts.CreateNewContactTest@2d7275fc]" started-at="2023-09-19T16:54:52 IST" name="createNewContactTest" finished-at="2023-09-19T16:55:21 IST" duration-ms="29276" status="PASS">
          <reporter-output>
          </reporter-output>
        </test-method> <!-- createNewContactTest -->
        <test-method is-config="true" signature="AMConfig()[pri:0, instance:Contacts.CreateNewContactTest@2d7275fc]" started-at="2023-09-19T16:55:21 IST" name="AMConfig" finished-at="2023-09-19T16:55:25 IST" duration-ms="4315" status="PASS">
          <reporter-output>
          </reporter-output>
        </test-method> <!-- AMConfig -->
        <test-method is-config="true" signature="ACConfig()[pri:0, instance:Contacts.CreateNewContactTest@2d7275fc]" started-at="2023-09-19T16:55:25 IST" name="ACConfig" finished-at="2023-09-19T16:55:26 IST" duration-ms="798" status="PASS">
          <reporter-output>
          </reporter-output>
        </test-method> <!-- ACConfig -->
      </class> <!-- Contacts.CreateNewContactTest -->
    </test> <!-- Test1 -->
    <test started-at="2023-09-19T16:53:08 IST" name="Tes2" finished-at="2023-09-19T16:55:27 IST" duration-ms="139329">
      <class name="Organisation.CreateOrganisationTest">
        <test-method is-config="true" signature="BSConfig()[pri:0, instance:Organisation.CreateOrganisationTest@f6efaab]" started-at="2023-09-19T16:53:08 IST" name="BSConfig" finished-at="2023-09-19T16:53:08 IST" duration-ms="31" status="PASS">
          <reporter-output>
          </reporter-output>
        </test-method> <!-- BSConfig -->
        <test-method is-config="true" signature="BCConfig()[pri:0, instance:Organisation.CreateOrganisationTest@f6efaab]" started-at="2023-09-19T16:53:08 IST" name="BCConfig" finished-at="2023-09-19T16:53:19 IST" duration-ms="11103" status="PASS">
          <reporter-output>
          </reporter-output>
        </test-method> <!-- BCConfig -->
        <test-method is-config="true" signature="BMConfig()[pri:0, instance:Organisation.CreateOrganisationTest@f6efaab]" started-at="2023-09-19T16:53:19 IST" name="BMConfig" finished-at="2023-09-19T16:53:27 IST" duration-ms="8576" status="PASS">
          <reporter-output>
          </reporter-output>
        </test-method> <!-- BMConfig -->
        <test-method signature="createOrgTest()[pri:1, instance:Organisation.CreateOrganisationTest@f6efaab]" started-at="2023-09-19T16:53:27 IST" name="createOrgTest" finished-at="2023-09-19T16:53:59 IST" duration-ms="31961" status="PASS">
          <reporter-output>
          </reporter-output>
        </test-method> <!-- createOrgTest -->
        <test-method is-config="true" signature="AMConfig()[pri:0, instance:Organisation.CreateOrganisationTest@f6efaab]" started-at="2023-09-19T16:53:59 IST" name="AMConfig" finished-at="2023-09-19T16:54:03 IST" duration-ms="3392" status="PASS">
          <reporter-output>
          </reporter-output>
        </test-method> <!-- AMConfig -->
        <test-method is-config="true" signature="BMConfig()[pri:0, instance:Organisation.CreateOrganisationTest@f6efaab]" started-at="2023-09-19T16:54:03 IST" name="BMConfig" finished-at="2023-09-19T16:54:10 IST" duration-ms="7042" status="PASS">
          <reporter-output>
          </reporter-output>
        </test-method> <!-- BMConfig -->
        <test-method signature="createOrgTest()[pri:1, instance:Organisation.CreateOrganisationTest@f6efaab]" started-at="2023-09-19T16:54:10 IST" name="createOrgTest" finished-at="2023-09-19T16:54:43 IST" duration-ms="33046" status="PASS">
          <reporter-output>
          </reporter-output>
        </test-method> <!-- createOrgTest -->
        <test-method is-config="true" signature="AMConfig()[pri:0, instance:Organisation.CreateOrganisationTest@f6efaab]" started-at="2023-09-19T16:54:43 IST" name="AMConfig" finished-at="2023-09-19T16:54:46 IST" duration-ms="3510" status="PASS">
          <reporter-output>
          </reporter-output>
        </test-method> <!-- AMConfig -->
        <test-method is-config="true" signature="BMConfig()[pri:0, instance:Organisation.CreateOrganisationTest@f6efaab]" started-at="2023-09-19T16:54:46 IST" name="BMConfig" finished-at="2023-09-19T16:54:53 IST" duration-ms="6913" status="PASS">
          <reporter-output>
          </reporter-output>
        </test-method> <!-- BMConfig -->
        <test-method signature="createOrgTest()[pri:1, instance:Organisation.CreateOrganisationTest@f6efaab]" started-at="2023-09-19T16:54:53 IST" name="createOrgTest" finished-at="2023-09-19T16:55:22 IST" duration-ms="28852" status="PASS">
          <reporter-output>
          </reporter-output>
        </test-method> <!-- createOrgTest -->
        <test-method is-config="true" signature="AMConfig()[pri:0, instance:Organisation.CreateOrganisationTest@f6efaab]" started-at="2023-09-19T16:55:22 IST" name="AMConfig" finished-at="2023-09-19T16:55:26 IST" duration-ms="4186" status="PASS">
          <reporter-output>
          </reporter-output>
        </test-method> <!-- AMConfig -->
        <test-method is-config="true" signature="ACConfig()[pri:0, instance:Organisation.CreateOrganisationTest@f6efaab]" started-at="2023-09-19T16:55:26 IST" name="ACConfig" finished-at="2023-09-19T16:55:27 IST" duration-ms="649" status="PASS">
          <reporter-output>
          </reporter-output>
        </test-method> <!-- ACConfig -->
        <test-method is-config="true" signature="ASConfig()[pri:0, instance:Organisation.CreateOrganisationTest@f6efaab]" started-at="2023-09-19T16:55:27 IST" name="ASConfig" finished-at="2023-09-19T16:55:27 IST" duration-ms="0" status="PASS">
          <reporter-output>
          </reporter-output>
        </test-method> <!-- ASConfig -->
      </class> <!-- Organisation.CreateOrganisationTest -->
    </test> <!-- Tes2 -->
  </suite> <!-- Suite -->
</testng-results>
