<?xml version="1.0" encoding="UTF-8"?>
<testng-results ignored="0" total="8" passed="8" failed="0" skipped="0">
  <reporter-output>
  </reporter-output>
  <suite started-at="2023-09-24T11:07:20 IST" name="Default suite" finished-at="2023-09-24T11:11:04 IST" duration-ms="223872">
    <groups>
    </groups>
    <test started-at="2023-09-24T11:07:20 IST" name="Default test" finished-at="2023-09-24T11:11:04 IST" duration-ms="223872">
      <class name="Organisation.CreateMultipleOrgWithIndustryTest">
        <test-method is-config="true" signature="BSConfig()[pri:0, instance:Organisation.CreateMultipleOrgWithIndustryTest@1750fbeb]" started-at="2023-09-24T11:07:20 IST" name="BSConfig" finished-at="2023-09-24T11:07:20 IST" duration-ms="26" status="PASS">
          <reporter-output>
          </reporter-output>
        </test-method> <!-- BSConfig -->
        <test-method is-config="true" signature="BCConfig()[pri:0, instance:Organisation.CreateMultipleOrgWithIndustryTest@1750fbeb]" started-at="2023-09-24T11:07:20 IST" name="BCConfig" finished-at="2023-09-24T11:07:36 IST" duration-ms="15704" status="PASS">
          <reporter-output>
          </reporter-output>
        </test-method> <!-- BCConfig -->
        <test-method is-config="true" signature="BMConfig()[pri:0, instance:Organisation.CreateMultipleOrgWithIndustryTest@1750fbeb]" started-at="2023-09-24T11:07:37 IST" name="BMConfig" finished-at="2023-09-24T11:07:48 IST" duration-ms="10738" status="PASS">
          <reporter-output>
          </reporter-output>
        </test-method> <!-- BMConfig -->
        <test-method signature="createMultipleOrgWithIndustryTest(java.lang.String,java.lang.String)[pri:0, instance:Organisation.CreateMultipleOrgWithIndustryTest@1750fbeb]" started-at="2023-09-24T11:07:48 IST" name="createMultipleOrgWithIndustryTest" data-provider="getData" finished-at="2023-09-24T11:08:14 IST" duration-ms="26219" status="PASS">
          <params>
            <param index="0">
              <value>
                <![CDATA[Wipro]]>
              </value>
            </param>
            <param index="1">
              <value>
                <![CDATA[Chemicals]]>
              </value>
            </param>
          </params>
          <reporter-output>
          </reporter-output>
        </test-method> <!-- createMultipleOrgWithIndustryTest -->
        <test-method is-config="true" signature="AMConfig()[pri:0, instance:Organisation.CreateMultipleOrgWithIndustryTest@1750fbeb]" started-at="2023-09-24T11:08:14 IST" name="AMConfig" finished-at="2023-09-24T11:08:17 IST" duration-ms="3420" status="PASS">
          <reporter-output>
          </reporter-output>
        </test-method> <!-- AMConfig -->
        <test-method is-config="true" signature="BMConfig()[pri:0, instance:Organisation.CreateMultipleOrgWithIndustryTest@1750fbeb]" started-at="2023-09-24T11:08:17 IST" name="BMConfig" finished-at="2023-09-24T11:08:22 IST" duration-ms="4408" status="PASS">
          <reporter-output>
          </reporter-output>
        </test-method> <!-- BMConfig -->
        <test-method signature="createMultipleOrgWithIndustryTest(java.lang.String,java.lang.String)[pri:0, instance:Organisation.CreateMultipleOrgWithIndustryTest@1750fbeb]" started-at="2023-09-24T11:08:22 IST" name="createMultipleOrgWithIndustryTest" data-provider="getData" finished-at="2023-09-24T11:08:40 IST" duration-ms="17918" status="PASS">
          <params>
            <param index="0">
              <value>
                <![CDATA[Samsung]]>
              </value>
            </param>
            <param index="1">
              <value>
                <![CDATA[Chemicals]]>
              </value>
            </param>
          </params>
          <reporter-output>
          </reporter-output>
        </test-method> <!-- createMultipleOrgWithIndustryTest -->
        <test-method is-config="true" signature="AMConfig()[pri:0, instance:Organisation.CreateMultipleOrgWithIndustryTest@1750fbeb]" started-at="2023-09-24T11:08:40 IST" name="AMConfig" finished-at="2023-09-24T11:08:42 IST" duration-ms="2287" status="PASS">
          <reporter-output>
          </reporter-output>
        </test-method> <!-- AMConfig -->
        <test-method is-config="true" signature="BMConfig()[pri:0, instance:Organisation.CreateMultipleOrgWithIndustryTest@1750fbeb]" started-at="2023-09-24T11:08:42 IST" name="BMConfig" finished-at="2023-09-24T11:08:46 IST" duration-ms="3894" status="PASS">
          <reporter-output>
          </reporter-output>
        </test-method> <!-- BMConfig -->
        <test-method signature="createMultipleOrgWithIndustryTest(java.lang.String,java.lang.String)[pri:0, instance:Organisation.CreateMultipleOrgWithIndustryTest@1750fbeb]" started-at="2023-09-24T11:08:46 IST" name="createMultipleOrgWithIndustryTest" data-provider="getData" finished-at="2023-09-24T11:09:03 IST" duration-ms="17238" status="PASS">
          <params>
            <param index="0">
              <value>
                <![CDATA[Vivo]]>
              </value>
            </param>
            <param index="1">
              <value>
                <![CDATA[Chemicals]]>
              </value>
            </param>
          </params>
          <reporter-output>
          </reporter-output>
        </test-method> <!-- createMultipleOrgWithIndustryTest -->
        <test-method is-config="true" signature="AMConfig()[pri:0, instance:Organisation.CreateMultipleOrgWithIndustryTest@1750fbeb]" started-at="2023-09-24T11:09:03 IST" name="AMConfig" finished-at="2023-09-24T11:09:05 IST" duration-ms="2368" status="PASS">
          <reporter-output>
          </reporter-output>
        </test-method> <!-- AMConfig -->
        <test-method is-config="true" signature="BMConfig()[pri:0, instance:Organisation.CreateMultipleOrgWithIndustryTest@1750fbeb]" started-at="2023-09-24T11:09:05 IST" name="BMConfig" finished-at="2023-09-24T11:09:10 IST" duration-ms="4023" status="PASS">
          <reporter-output>
          </reporter-output>
        </test-method> <!-- BMConfig -->
        <test-method signature="createMultipleOrgWithIndustryTest(java.lang.String,java.lang.String)[pri:0, instance:Organisation.CreateMultipleOrgWithIndustryTest@1750fbeb]" started-at="2023-09-24T11:09:10 IST" name="createMultipleOrgWithIndustryTest" data-provider="getData" finished-at="2023-09-24T11:09:26 IST" duration-ms="16153" status="PASS">
          <params>
            <param index="0">
              <value>
                <![CDATA[Xomia]]>
              </value>
            </param>
            <param index="1">
              <value>
                <![CDATA[Chemicals]]>
              </value>
            </param>
          </params>
          <reporter-output>
          </reporter-output>
        </test-method> <!-- createMultipleOrgWithIndustryTest -->
        <test-method is-config="true" signature="AMConfig()[pri:0, instance:Organisation.CreateMultipleOrgWithIndustryTest@1750fbeb]" started-at="2023-09-24T11:09:26 IST" name="AMConfig" finished-at="2023-09-24T11:09:28 IST" duration-ms="2420" status="PASS">
          <reporter-output>
          </reporter-output>
        </test-method> <!-- AMConfig -->
        <test-method is-config="true" signature="BMConfig()[pri:0, instance:Organisation.CreateMultipleOrgWithIndustryTest@1750fbeb]" started-at="2023-09-24T11:09:28 IST" name="BMConfig" finished-at="2023-09-24T11:09:32 IST" duration-ms="4369" status="PASS">
          <reporter-output>
          </reporter-output>
        </test-method> <!-- BMConfig -->
        <test-method signature="createMultipleOrgWithIndustryTest(java.lang.String,java.lang.String)[pri:0, instance:Organisation.CreateMultipleOrgWithIndustryTest@1750fbeb]" started-at="2023-09-24T11:09:32 IST" name="createMultipleOrgWithIndustryTest" data-provider="getData" finished-at="2023-09-24T11:09:50 IST" duration-ms="17669" status="PASS">
          <params>
            <param index="0">
              <value>
                <![CDATA[Apple]]>
              </value>
            </param>
            <param index="1">
              <value>
                <![CDATA[Chemicals]]>
              </value>
            </param>
          </params>
          <reporter-output>
          </reporter-output>
        </test-method> <!-- createMultipleOrgWithIndustryTest -->
        <test-method is-config="true" signature="AMConfig()[pri:0, instance:Organisation.CreateMultipleOrgWithIndustryTest@1750fbeb]" started-at="2023-09-24T11:09:50 IST" name="AMConfig" finished-at="2023-09-24T11:09:52 IST" duration-ms="2348" status="PASS">
          <reporter-output>
          </reporter-output>
        </test-method> <!-- AMConfig -->
        <test-method is-config="true" signature="BMConfig()[pri:0, instance:Organisation.CreateMultipleOrgWithIndustryTest@1750fbeb]" started-at="2023-09-24T11:09:52 IST" name="BMConfig" finished-at="2023-09-24T11:09:57 IST" duration-ms="4314" status="PASS">
          <reporter-output>
          </reporter-output>
        </test-method> <!-- BMConfig -->
        <test-method signature="createMultipleOrgWithIndustryTest(java.lang.String,java.lang.String)[pri:0, instance:Organisation.CreateMultipleOrgWithIndustryTest@1750fbeb]" started-at="2023-09-24T11:09:57 IST" name="createMultipleOrgWithIndustryTest" data-provider="getData" finished-at="2023-09-24T11:10:15 IST" duration-ms="18301" status="PASS">
          <params>
            <param index="0">
              <value>
                <![CDATA[RealMe]]>
              </value>
            </param>
            <param index="1">
              <value>
                <![CDATA[Chemicals]]>
              </value>
            </param>
          </params>
          <reporter-output>
          </reporter-output>
        </test-method> <!-- createMultipleOrgWithIndustryTest -->
        <test-method is-config="true" signature="AMConfig()[pri:0, instance:Organisation.CreateMultipleOrgWithIndustryTest@1750fbeb]" started-at="2023-09-24T11:10:15 IST" name="AMConfig" finished-at="2023-09-24T11:10:17 IST" duration-ms="2367" status="PASS">
          <reporter-output>
          </reporter-output>
        </test-method> <!-- AMConfig -->
        <test-method is-config="true" signature="BMConfig()[pri:0, instance:Organisation.CreateMultipleOrgWithIndustryTest@1750fbeb]" started-at="2023-09-24T11:10:17 IST" name="BMConfig" finished-at="2023-09-24T11:10:22 IST" duration-ms="4304" status="PASS">
          <reporter-output>
          </reporter-output>
        </test-method> <!-- BMConfig -->
        <test-method signature="createMultipleOrgWithIndustryTest(java.lang.String,java.lang.String)[pri:0, instance:Organisation.CreateMultipleOrgWithIndustryTest@1750fbeb]" started-at="2023-09-24T11:10:22 IST" name="createMultipleOrgWithIndustryTest" data-provider="getData" finished-at="2023-09-24T11:10:38 IST" duration-ms="16635" status="PASS">
          <params>
            <param index="0">
              <value>
                <![CDATA[Tata]]>
              </value>
            </param>
            <param index="1">
              <value>
                <![CDATA[Energy]]>
              </value>
            </param>
          </params>
          <reporter-output>
          </reporter-output>
        </test-method> <!-- createMultipleOrgWithIndustryTest -->
        <test-method is-config="true" signature="AMConfig()[pri:0, instance:Organisation.CreateMultipleOrgWithIndustryTest@1750fbeb]" started-at="2023-09-24T11:10:38 IST" name="AMConfig" finished-at="2023-09-24T11:10:41 IST" duration-ms="2490" status="PASS">
          <reporter-output>
          </reporter-output>
        </test-method> <!-- AMConfig -->
        <test-method is-config="true" signature="BMConfig()[pri:0, instance:Organisation.CreateMultipleOrgWithIndustryTest@1750fbeb]" started-at="2023-09-24T11:10:41 IST" name="BMConfig" finished-at="2023-09-24T11:10:45 IST" duration-ms="4046" status="PASS">
          <reporter-output>
          </reporter-output>
        </test-method> <!-- BMConfig -->
        <test-method signature="createMultipleOrgWithIndustryTest(java.lang.String,java.lang.String)[pri:0, instance:Organisation.CreateMultipleOrgWithIndustryTest@1750fbeb]" started-at="2023-09-24T11:10:45 IST" name="createMultipleOrgWithIndustryTest" data-provider="getData" finished-at="2023-09-24T11:11:01 IST" duration-ms="15973" status="PASS">
          <params>
            <param index="0">
              <value>
                <![CDATA[Windows]]>
              </value>
            </param>
            <param index="1">
              <value>
                <![CDATA[Communications]]>
              </value>
            </param>
          </params>
          <reporter-output>
          </reporter-output>
        </test-method> <!-- createMultipleOrgWithIndustryTest -->
        <test-method is-config="true" signature="AMConfig()[pri:0, instance:Organisation.CreateMultipleOrgWithIndustryTest@1750fbeb]" started-at="2023-09-24T11:11:01 IST" name="AMConfig" finished-at="2023-09-24T11:11:03 IST" duration-ms="2496" status="PASS">
          <reporter-output>
          </reporter-output>
        </test-method> <!-- AMConfig -->
        <test-method is-config="true" signature="ACConfig()[pri:0, instance:Organisation.CreateMultipleOrgWithIndustryTest@1750fbeb]" started-at="2023-09-24T11:11:03 IST" name="ACConfig" finished-at="2023-09-24T11:11:04 IST" duration-ms="473" status="PASS">
          <reporter-output>
          </reporter-output>
        </test-method> <!-- ACConfig -->
        <test-method is-config="true" signature="ASConfig()[pri:0, instance:Organisation.CreateMultipleOrgWithIndustryTest@1750fbeb]" started-at="2023-09-24T11:11:04 IST" name="ASConfig" finished-at="2023-09-24T11:11:04 IST" duration-ms="1" status="PASS">
          <reporter-output>
          </reporter-output>
        </test-method> <!-- ASConfig -->
      </class> <!-- Organisation.CreateMultipleOrgWithIndustryTest -->
    </test> <!-- Default test -->
  </suite> <!-- Default suite -->
</testng-results>
